c:\users\pip\source\repos\hollowprocessinjection2\hollowprocessinjection2\release\vc142.pdb
c:\users\pip\source\repos\hollowprocessinjection2\hollowprocessinjection2\release\main.obj
c:\users\pip\source\repos\hollowprocessinjection2\release\hollowprocessinjection2.ipdb
c:\users\pip\source\repos\hollowprocessinjection2\release\hollowprocessinjection2.iobj
c:\users\pip\source\repos\hollowprocessinjection2\release\hollowprocessinjection2.exe
c:\users\pip\source\repos\hollowprocessinjection2\release\hollowprocessinjection2.pdb
c:\users\pip\source\repos\hollowprocessinjection2\hollowprocessinjection2\release\resource.res
c:\users\pip\dev\evasiveprocesshollowing\hollowprocessinjection2\hollowprocessinjection2\release\main.obj
c:\users\pip\dev\evasiveprocesshollowing\hollowprocessinjection2\hollowprocessinjection2\release\resource.res
c:\users\pip\dev\evasiveprocesshollowing\hollowprocessinjection2\hollowprocessinjection2\release\vc142.pdb
c:\users\pip\dev\evasiveprocesshollowing\hollowprocessinjection2\release\hollowprocessinjection2.pdb
c:\users\pip\dev\evasiveprocesshollowing\hollowprocessinjection2\release\hollowprocessinjection2.exe
c:\users\pip\dev\evasiveprocesshollowing\hollowprocessinjection2\hollowprocessinjection2\release\hollowpr.71e0953b.tlog\cl.command.1.tlog
c:\users\pip\dev\evasiveprocesshollowing\hollowprocessinjection2\hollowprocessinjection2\release\hollowpr.71e0953b.tlog\cl.read.1.tlog
c:\users\pip\dev\evasiveprocesshollowing\hollowprocessinjection2\hollowprocessinjection2\release\hollowpr.71e0953b.tlog\cl.write.1.tlog
c:\users\pip\dev\evasiveprocesshollowing\hollowprocessinjection2\hollowprocessinjection2\release\hollowpr.71e0953b.tlog\hollowprocessinjection2.write.1u.tlog
c:\users\pip\dev\evasiveprocesshollowing\hollowprocessinjection2\hollowprocessinjection2\release\hollowpr.71e0953b.tlog\link.command.1.tlog
c:\users\pip\dev\evasiveprocesshollowing\hollowprocessinjection2\hollowprocessinjection2\release\hollowpr.71e0953b.tlog\link.read.1.tlog
c:\users\pip\dev\evasiveprocesshollowing\hollowprocessinjection2\hollowprocessinjection2\release\hollowpr.71e0953b.tlog\link.write.1.tlog
c:\users\pip\dev\evasiveprocesshollowing\hollowprocessinjection2\hollowprocessinjection2\release\hollowpr.71e0953b.tlog\rc.command.1.tlog
c:\users\pip\dev\evasiveprocesshollowing\hollowprocessinjection2\hollowprocessinjection2\release\hollowpr.71e0953b.tlog\rc.read.1.tlog
c:\users\pip\dev\evasiveprocesshollowing\hollowprocessinjection2\hollowprocessinjection2\release\hollowpr.71e0953b.tlog\rc.write.1.tlog
